<?xml version="1.0" encoding="UTF-8"?>
<!-- Generated by org.testng.reporters.JUnitReportReporter -->
<testsuite hostname="AZUKC-P-TCS0133" failures="0" tests="1" name="jira.TestCaseExeJira" time="212.359" errors="0" timestamp="2023-03-27T20:55:13 IST" skipped="0">
  <testcase classname="jira.TestCaseExeJira" name="jiraTCExecution" time="212.359"/>
  <system-out/>
</testsuite> <!-- jira.TestCaseExeJira -->
